[debug] > Exec(early(addDefaultCommands), None, None)
[debug] > Exec(addDefaultCommands, None, None)
[debug] > Exec(early(initialize), None, None)
[debug] > Exec(initialize, None, None)
[debug] > Exec(early(addPluginSbtFile="""C:\Users\rapha\AppData\Local\Temp\idea.sbt"""), None, None)
[debug] > Exec(addPluginSbtFile="""C:\Users\rapha\AppData\Local\Temp\idea.sbt""", None, None)
[debug] > Exec(boot, None, None)
[debug] > Exec(writeSbtVersion, None, None)
[debug] > Exec(reload, None, None)
[debug] > Exec(sbtStashOnFailure, None, None)
[debug] > Exec(onFailure loadFailed, None, None)
[debug] > Exec(loadp, None, None)
[info] welcome to sbt 1.5.5 (Oracle Corporation Java 11.0.15)
[debug]       Load.loadUnit: plugins took 117.9348ms
[debug]       Load.loadUnit: defsScala took 0.3832ms
[debug] [Loading] Scanning directory C:\Users\rapha\.sbt\1.0\plugins
[debug] [Loading] Found non-root projects 
[debug] [Loading] Done in C:\Users\rapha\.sbt\1.0\plugins, returning: ()
[debug] deducing auto plugins based on known facts Set(Atom(sbt.plugins.CorePlugin)) and clauses Clauses(Clause(Atom(sbt.plugins.JvmPlugin),Set(Atom(sbt.plugins.IvyPlugin)))
[debug] Clause(Atom(sbt.ScriptedPlugin),Set(Atom(sbt.plugins.JvmPlugin)))
[debug] Clause(Atom(sbt.plugins.SbtPlugin),Set(Atom(sbt.ScriptedPlugin)))
[debug] Clause(Atom(sbt.plugins.SemanticdbPlugin),Set(Atom(sbt.plugins.JvmPlugin)))
[debug] Clause(Atom(sbt.plugins.JUnitXmlReportPlugin),Set(Atom(sbt.plugins.JvmPlugin)))
[debug] Clause(Atom(sbt.plugins.MiniDependencyTreePlugin),Set(Atom(sbt.plugins.JvmPlugin)))
[debug] Clause(Atom(sbt.plugins.CorePlugin),Set(Atom(sbt.plugins.IvyPlugin)))
[debug] Clause(Atom(sbt.plugins.IvyPlugin),Set(Atom(sbt.plugins.JvmPlugin)))
[debug] Clause(Atom(sbt.plugins.JvmPlugin),Set(Atom(sbt.plugins.SemanticdbPlugin)))
[debug] Clause(Atom(sbt.plugins.JvmPlugin),Set(Atom(sbt.plugins.JUnitXmlReportPlugin)))
[debug] Clause(Atom(sbt.plugins.CorePlugin),Set(Atom(sbt.plugins.Giter8TemplatePlugin)))
[debug] Clause(Atom(sbt.plugins.JvmPlugin),Set(Atom(sbt.plugins.MiniDependencyTreePlugin))))
[debug]   :: deduced result: Matched(sbt.plugins.CorePlugin,sbt.plugins.Giter8TemplatePlugin,sbt.plugins.IvyPlugin,sbt.plugins.JvmPlugin,sbt.plugins.MiniDependencyTreePlugin,sbt.plugins.JUnitXmlReportPlugin,sbt.plugins.SemanticdbPlugin)
[debug] Plugins.deducer#function took 19.8702 ms
[debug]           Load.resolveProject(global-plugins) took 71.307ms
[debug]         Load.loadTransitive: finalizeProject(Project(id global-plugins, base: C:\Users\rapha\.sbt\1.0\plugins, plugins: List(<none>))) took 135.0634ms
[debug] [Loading] Done in C:\Users\rapha\.sbt\1.0\plugins, returning: (global-plugins)
[debug]       Load.loadUnit: loadedProjectsRaw took 162.7733ms
[debug]       Load.loadUnit: cleanEvalClasses took 0.3217ms
[debug]     Load.loadUnit(file:/C:/Users/rapha/.sbt/1.0/plugins/, ...) took 293.7268ms
[debug]   Load.apply: load took 509.3584ms
[debug]   Load.apply: resolveProjects took 9.1481ms
[debug]   Load.apply: finalTransforms took 52.5045ms
[debug]   Load.apply: config.delegates took 6.8362ms
[debug]   Load.apply: Def.make(settings)... took 640.8066ms
[debug]   Load.apply: structureIndex took 153.0947ms
[debug]   Load.apply: mkStreams took 2.2406ms
[info] loading global plugins from C:\Users\rapha\.sbt\1.0\plugins
[debug] Running task... Cancel: Signal, check cycles: false, forcegc: true
[debug] Load.defaultLoad until apply took 7456.2519ms
[debug]           Load.loadUnit: plugins took 34.5453ms
[debug]           Load.loadUnit: defsScala took 0.0036ms
[debug] [Loading] Scanning directory C:\Users\rapha\IdeaProjects\udemy-scala-beginners\project
[debug]             Load.loadUnit: mkEval took 9.7028ms
[debug] [Loading] Found non-root projects 
[debug] [Loading] Done in C:\Users\rapha\IdeaProjects\udemy-scala-beginners\project, returning: ()
[debug] deducing auto plugins based on known facts Set(Atom(sbt.plugins.CorePlugin)) and clauses Clauses(Clause(Atom(sbt.plugins.JvmPlugin),Set(Atom(sbt.plugins.IvyPlugin)))
[debug] Clause(Atom(sbt.ScriptedPlugin),Set(Atom(sbt.plugins.JvmPlugin)))
[debug] Clause(Atom(sbt.plugins.SbtPlugin),Set(Atom(sbt.ScriptedPlugin)))
[debug] Clause(Atom(sbt.plugins.SemanticdbPlugin),Set(Atom(sbt.plugins.JvmPlugin)))
[debug] Clause(Atom(sbt.plugins.JUnitXmlReportPlugin),Set(Atom(sbt.plugins.JvmPlugin)))
[debug] Clause(Atom(sbt.plugins.MiniDependencyTreePlugin),Set(Atom(sbt.plugins.JvmPlugin)))
[debug] Clause(Atom(sbt.plugins.CorePlugin),Set(Atom(sbt.plugins.IvyPlugin)))
[debug] Clause(Atom(sbt.plugins.IvyPlugin),Set(Atom(sbt.plugins.JvmPlugin)))
[debug] Clause(Atom(sbt.plugins.JvmPlugin),Set(Atom(sbt.plugins.SemanticdbPlugin)))
[debug] Clause(Atom(sbt.plugins.JvmPlugin),Set(Atom(sbt.plugins.JUnitXmlReportPlugin)))
[debug] Clause(Atom(sbt.plugins.CorePlugin),Set(Atom(sbt.plugins.Giter8TemplatePlugin)))
[debug] Clause(Atom(sbt.plugins.JvmPlugin),Set(Atom(sbt.plugins.MiniDependencyTreePlugin))))
[debug]   :: deduced result: Matched(sbt.plugins.CorePlugin,sbt.plugins.Giter8TemplatePlugin,sbt.plugins.IvyPlugin,sbt.plugins.JvmPlugin,sbt.plugins.MiniDependencyTreePlugin,sbt.plugins.JUnitXmlReportPlugin,sbt.plugins.SemanticdbPlugin)
[debug] Plugins.deducer#function took 1.9788 ms
[info] loading settings for project udemy-scala-beginners-build from idea.sbt ...
[debug]               Load.resolveProject(udemy-scala-beginners-build) took 3.2885ms
[debug]             Load.loadTransitive: finalizeProject(Project(id udemy-scala-beginners-build, base: C:\Users\rapha\IdeaProjects\udemy-scala-beginners\project, plugins: List(<none>))) took 5.8533ms
[debug] [Loading] Done in C:\Users\rapha\IdeaProjects\udemy-scala-beginners\project, returning: (udemy-scala-beginners-build)
[debug]           Load.loadUnit: loadedProjectsRaw took 3504.731ms
[debug]           Load.loadUnit: cleanEvalClasses took 5.3657ms
[debug]         Load.loadUnit(file:/C:/Users/rapha/IdeaProjects/udemy-scala-beginners/project/, ...) took 3545.6966ms
[debug]       Load.apply: load took 3547.8744ms
[debug]       Load.apply: resolveProjects took 0.2101ms
[debug]       Load.apply: finalTransforms took 11.8218ms
[debug]       Load.apply: config.delegates took 0.4553ms
[debug]       Load.apply: Def.make(settings)... took 90.2017ms
[debug]       Load.apply: structureIndex took 46.8728ms
[debug]       Load.apply: mkStreams took 0.0028ms
[info] loading project definition from C:\Users\rapha\IdeaProjects\udemy-scala-beginners\project
[debug] Running task... Cancel: Signal, check cycles: false, forcegc: true
[warn] Unrecognized repository Scala Plugin Bundled Repository, ignoring it
[debug]     Load.loadUnit: plugins took 6576.5733ms
[debug]     Load.loadUnit: defsScala took 0.0064ms
[debug] [Loading] Scanning directory C:\Users\rapha\IdeaProjects\udemy-scala-beginners
[debug]       Load.loadUnit: mkEval took 0.5636ms
[debug] [Loading] Found root project root w/ remaining 
[debug] deducing auto plugins based on known facts Set(Atom(sbt.plugins.CorePlugin)) and clauses Clauses(Clause(Atom(sbt.plugins.JvmPlugin),Set(Atom(sbt.plugins.IvyPlugin)))
[debug] Clause(Atom(sbt.ScriptedPlugin),Set(Atom(sbt.plugins.JvmPlugin)))
[debug] Clause(Atom(sbt.plugins.SbtPlugin),Set(Atom(sbt.ScriptedPlugin)))
[debug] Clause(Atom(sbt.plugins.SemanticdbPlugin),Set(Atom(sbt.plugins.JvmPlugin)))
[debug] Clause(Atom(sbt.plugins.JUnitXmlReportPlugin),Set(Atom(sbt.plugins.JvmPlugin)))
[debug] Clause(Atom(sbt.plugins.MiniDependencyTreePlugin),Set(Atom(sbt.plugins.JvmPlugin)))
[debug] Clause(Atom(org.jetbrains.sbt.StructurePlugin),Set(Atom(sbt.plugins.JvmPlugin)))
[debug] Clause(Atom(org.jetbrains.sbt.IdeaShellPlugin),Set(Atom(sbt.plugins.JvmPlugin)))
[debug] Clause(Atom(org.jetbrains.sbt.indices.SbtIntellijIndicesPlugin),Set(Atom(sbt.plugins.JvmPlugin)))
[debug] Clause(Atom(sbt.plugins.CorePlugin),Set(Atom(sbt.plugins.IvyPlugin)))
[debug] Clause(Atom(sbt.plugins.IvyPlugin),Set(Atom(sbt.plugins.JvmPlugin)))
[debug] Clause(Atom(sbt.plugins.JvmPlugin),Set(Atom(sbt.plugins.SemanticdbPlugin)))
[debug] Clause(Atom(sbt.plugins.JvmPlugin),Set(Atom(sbt.plugins.JUnitXmlReportPlugin)))
[debug] Clause(Atom(sbt.plugins.CorePlugin),Set(Atom(sbt.plugins.Giter8TemplatePlugin)))
[debug] Clause(Atom(sbt.plugins.JvmPlugin),Set(Atom(sbt.plugins.MiniDependencyTreePlugin)))
[debug] Clause(Atom(sbt.plugins.JvmPlugin),Set(Atom(org.jetbrains.sbt.StructurePlugin)))
[debug] Clause(Atom(sbt.plugins.JvmPlugin),Set(Atom(org.jetbrains.sbt.IdeaShellPlugin)))
[debug] Clause(And(Set(Atom(sbt.plugins.CorePlugin), Atom(sbt.plugins.JvmPlugin))),Set(Atom(org.jetbrains.sbt.indices.SbtIntellijIndicesPlugin))))
[debug]   :: deduced result: Matched(sbt.plugins.CorePlugin,sbt.plugins.Giter8TemplatePlugin,sbt.plugins.IvyPlugin,sbt.plugins.JvmPlugin,sbt.plugins.SemanticdbPlugin,org.jetbrains.sbt.indices.SbtIntellijIndicesPlugin,sbt.plugins.JUnitXmlReportPlugin,org.jetbrains.sbt.IdeaShellPlugin,org.jetbrains.sbt.StructurePlugin,sbt.plugins.MiniDependencyTreePlugin)
[debug] Plugins.deducer#function took 2.9736 ms
[info] loading settings for project root from build.sbt ...
[debug]         Load.resolveProject(root) took 47.3646ms
[debug]       Load.loadTransitive: finalizeProject(Project(id root, base: C:\Users\rapha\IdeaProjects\udemy-scala-beginners, plugins: List(<none>))) took 52.9293ms
[debug] [Loading] Done in C:\Users\rapha\IdeaProjects\udemy-scala-beginners, returning: (root)
[debug]     Load.loadUnit: loadedProjectsRaw took 1760.3395ms
[debug]     Load.loadUnit: cleanEvalClasses took 15.2685ms
[debug]   Load.loadUnit(file:/C:/Users/rapha/IdeaProjects/udemy-scala-beginners/, ...) took 8353.454ms
[debug] Load.apply: load took 8355.9068ms
[debug] Load.apply: resolveProjects took 0.1971ms
[debug] Load.apply: finalTransforms took 45.3059ms
[debug] Load.apply: config.delegates took 0.2522ms
[debug] Load.apply: Def.make(settings)... took 84.1328ms
[debug] Load.apply: structureIndex took 49.7628ms
[debug] Load.apply: mkStreams took 0.0036ms
[info] set current project to udemy-scala-beginners (in build file:/C:/Users/rapha/IdeaProjects/udemy-scala-beginners/)
[debug] > Exec(sbtPopOnFailure, None, None)
[debug] > Exec(resumeFromFailure, None, None)
[debug] > Exec(notifyUsersAboutShell, None, None)
[debug] > Exec(iflast shell, None, None)
[debug] > Exec(; set ideaPort in Global := 52456 ; idea-shell, None, None)
[debug] > Exec(set ideaPort in Global := 52456, None, None)
[info] Defining Global / ideaPort
[info] The new value will be used by Compile / compile, Test / compile
[debug] Defining 
[debug] 	Global / ideaPort
[debug] 
[debug] The new value will be used by 
[debug] 	Compile / compile
[debug] 	Test / compile
[info] Reapplying settings...
[info] set current project to udemy-scala-beginners (in build file:/C:/Users/rapha/IdeaProjects/udemy-scala-beginners/)
[debug] > Exec(idea-shell, None, None)
